2025-10-31 13:51:57,545 - nlmfsp.trainer - INFO - Logging initialized. Log file: outputs/experiments/analytical_gmm_navigation/exp_20251031_135156_lry1e-03_lrz5e-04_n200_ipf1_td1_fk1_b1_ema0.990/logs/training_20251031_135157.log
2025-10-31 13:51:57,553 - nlmfsp.trainer - INFO - InteractionLearner initialized for learned interactions
2025-10-31 13:51:57,553 - nlmfsp.trainer - INFO - ======================================================================
2025-10-31 13:51:57,553 - nlmfsp.trainer - INFO - Starting Training
2025-10-31 13:51:57,553 - nlmfsp.trainer - INFO - ======================================================================
2025-10-31 13:51:57,553 - nlmfsp.trainer - INFO - Configuration:
2025-10-31 13:51:57,553 - nlmfsp.trainer - INFO -   Dimension: 2
2025-10-31 13:51:57,553 - nlmfsp.trainer - INFO -   Time horizon: T=1.0
2025-10-31 13:51:57,553 - nlmfsp.trainer - INFO -   Time steps: 50
2025-10-31 13:51:57,553 - nlmfsp.trainer - INFO -   Outer iterations: 40
2025-10-31 13:51:57,553 - nlmfsp.trainer - INFO -   Inner steps: 250
2025-10-31 13:51:57,553 - nlmfsp.trainer - INFO -   Interaction steps: 0
2025-10-31 13:51:57,553 - nlmfsp.trainer - INFO -   N (agents): 200
2025-10-31 13:51:57,553 - nlmfsp.trainer - INFO - 
2025-10-31 13:51:57,553 - nlmfsp.trainer - INFO - Iteration 1/40
2025-10-31 13:52:26,561 - nlmfsp.trainer - INFO -   L_IPF (fwd): 44.645626
2025-10-31 13:52:26,562 - nlmfsp.trainer - INFO -   L_IPF (bwd): 102.714897
2025-10-31 13:52:26,562 - nlmfsp.trainer - INFO -   L_TD  (bwd): 726.472839
2025-10-31 13:52:26,562 - nlmfsp.trainer - INFO -   L_TD  (fwd): 781.117493
2025-10-31 13:52:26,562 - nlmfsp.trainer - INFO -   L_FK (fwd): 3.708661
2025-10-31 13:52:26,562 - nlmfsp.trainer - INFO -   L_FK (bwd): 2.513865
2025-10-31 13:52:26,562 - nlmfsp.trainer - INFO -   L_Boundary (fwd): 200.322800
2025-10-31 13:52:26,562 - nlmfsp.trainer - INFO -   L_Boundary (bwd): 1215.167480
2025-10-31 13:52:26,562 - nlmfsp.trainer - INFO -   Interaction learning: skipped
2025-10-31 13:52:26,562 - nlmfsp.trainer - INFO -   Time: 29.01s
2025-10-31 13:52:26,562 - nlmfsp.trainer - INFO - 
2025-10-31 13:52:26,672 - nlmfsp.trainer - INFO - Checkpoint saved: outputs/experiments/analytical_gmm_navigation/exp_20251031_135156_lry1e-03_lrz5e-04_n200_ipf1_td1_fk1_b1_ema0.990/checkpoints/checkpoint_0001.pt
2025-10-31 13:52:29,662 - nlmfsp.trainer - INFO - Iteration 2/40
2025-10-31 13:52:58,099 - nlmfsp.trainer - INFO -   L_IPF (fwd): 16.773474
2025-10-31 13:52:58,099 - nlmfsp.trainer - INFO -   L_IPF (bwd): 70.230904
2025-10-31 13:52:58,099 - nlmfsp.trainer - INFO -   L_TD  (bwd): 150.773483
2025-10-31 13:52:58,099 - nlmfsp.trainer - INFO -   L_TD  (fwd): 3190.497070
2025-10-31 13:52:58,099 - nlmfsp.trainer - INFO -   L_FK (fwd): 12.813862
2025-10-31 13:52:58,099 - nlmfsp.trainer - INFO -   L_FK (bwd): 3.557350
2025-10-31 13:52:58,099 - nlmfsp.trainer - INFO -   L_Boundary (fwd): 279.937683
2025-10-31 13:52:58,099 - nlmfsp.trainer - INFO -   L_Boundary (bwd): 271.999298
2025-10-31 13:52:58,099 - nlmfsp.trainer - INFO -   Interaction learning: skipped
2025-10-31 13:52:58,099 - nlmfsp.trainer - INFO -   Time: 28.44s
2025-10-31 13:52:58,099 - nlmfsp.trainer - INFO - 
2025-10-31 13:52:58,200 - nlmfsp.trainer - INFO - Checkpoint saved: outputs/experiments/analytical_gmm_navigation/exp_20251031_135156_lry1e-03_lrz5e-04_n200_ipf1_td1_fk1_b1_ema0.990/checkpoints/checkpoint_0002.pt
2025-10-31 13:53:01,380 - nlmfsp.trainer - INFO - Iteration 3/40
2025-10-31 13:53:30,048 - nlmfsp.trainer - INFO -   L_IPF (fwd): 7.251841
2025-10-31 13:53:30,048 - nlmfsp.trainer - INFO -   L_IPF (bwd): 23.963451
2025-10-31 13:53:30,048 - nlmfsp.trainer - INFO -   L_TD  (bwd): 3303.361328
2025-10-31 13:53:30,048 - nlmfsp.trainer - INFO -   L_TD  (fwd): 2090.739258
2025-10-31 13:53:30,048 - nlmfsp.trainer - INFO -   L_FK (fwd): 20.392691
2025-10-31 13:53:30,048 - nlmfsp.trainer - INFO -   L_FK (bwd): 8.850451
2025-10-31 13:53:30,048 - nlmfsp.trainer - INFO -   L_Boundary (fwd): 211.087387
2025-10-31 13:53:30,048 - nlmfsp.trainer - INFO -   L_Boundary (bwd): 579.876099
2025-10-31 13:53:30,048 - nlmfsp.trainer - INFO -   Interaction learning: skipped
2025-10-31 13:53:30,048 - nlmfsp.trainer - INFO -   Time: 28.67s
2025-10-31 13:53:30,048 - nlmfsp.trainer - INFO - 
2025-10-31 13:53:30,148 - nlmfsp.trainer - INFO - Checkpoint saved: outputs/experiments/analytical_gmm_navigation/exp_20251031_135156_lry1e-03_lrz5e-04_n200_ipf1_td1_fk1_b1_ema0.990/checkpoints/checkpoint_0003.pt
2025-10-31 13:53:33,282 - nlmfsp.trainer - INFO - Iteration 4/40
2025-10-31 13:54:01,979 - nlmfsp.trainer - INFO -   L_IPF (fwd): 2.812605
2025-10-31 13:54:01,979 - nlmfsp.trainer - INFO -   L_IPF (bwd): 9.393994
2025-10-31 13:54:01,979 - nlmfsp.trainer - INFO -   L_TD  (bwd): 2092.100830
2025-10-31 13:54:01,979 - nlmfsp.trainer - INFO -   L_TD  (fwd): 1376.757080
2025-10-31 13:54:01,979 - nlmfsp.trainer - INFO -   L_FK (fwd): 21.994974
2025-10-31 13:54:01,979 - nlmfsp.trainer - INFO -   L_FK (bwd): 7.272824
2025-10-31 13:54:01,979 - nlmfsp.trainer - INFO -   L_Boundary (fwd): 26.133459
2025-10-31 13:54:01,979 - nlmfsp.trainer - INFO -   L_Boundary (bwd): 415.897583
2025-10-31 13:54:01,979 - nlmfsp.trainer - INFO -   Interaction learning: skipped
2025-10-31 13:54:01,979 - nlmfsp.trainer - INFO -   Time: 28.70s
2025-10-31 13:54:01,979 - nlmfsp.trainer - INFO - 
2025-10-31 13:54:02,085 - nlmfsp.trainer - INFO - Checkpoint saved: outputs/experiments/analytical_gmm_navigation/exp_20251031_135156_lry1e-03_lrz5e-04_n200_ipf1_td1_fk1_b1_ema0.990/checkpoints/checkpoint_0004.pt
2025-10-31 13:54:05,113 - nlmfsp.trainer - INFO - Iteration 5/40
2025-10-31 13:54:33,701 - nlmfsp.trainer - INFO -   L_IPF (fwd): 1.561300
2025-10-31 13:54:33,701 - nlmfsp.trainer - INFO -   L_IPF (bwd): 4.461215
2025-10-31 13:54:33,701 - nlmfsp.trainer - INFO -   L_TD  (bwd): 1266.964844
2025-10-31 13:54:33,701 - nlmfsp.trainer - INFO -   L_TD  (fwd): 1048.554565
2025-10-31 13:54:33,701 - nlmfsp.trainer - INFO -   L_FK (fwd): 21.100937
2025-10-31 13:54:33,701 - nlmfsp.trainer - INFO -   L_FK (bwd): 8.094440
2025-10-31 13:54:33,701 - nlmfsp.trainer - INFO -   L_Boundary (fwd): 9.099683
2025-10-31 13:54:33,701 - nlmfsp.trainer - INFO -   L_Boundary (bwd): 463.201355
2025-10-31 13:54:33,701 - nlmfsp.trainer - INFO -   Interaction learning: skipped
2025-10-31 13:54:33,701 - nlmfsp.trainer - INFO -   Time: 28.59s
2025-10-31 13:54:33,701 - nlmfsp.trainer - INFO - 
2025-10-31 13:54:33,804 - nlmfsp.trainer - INFO - Checkpoint saved: outputs/experiments/analytical_gmm_navigation/exp_20251031_135156_lry1e-03_lrz5e-04_n200_ipf1_td1_fk1_b1_ema0.990/checkpoints/checkpoint_0005.pt
2025-10-31 13:54:37,016 - nlmfsp.trainer - INFO - Iteration 6/40
2025-10-31 13:55:05,562 - nlmfsp.trainer - INFO -   L_IPF (fwd): 1.293052
2025-10-31 13:55:05,562 - nlmfsp.trainer - INFO -   L_IPF (bwd): 2.665118
2025-10-31 13:55:05,562 - nlmfsp.trainer - INFO -   L_TD  (bwd): 894.520142
2025-10-31 13:55:05,562 - nlmfsp.trainer - INFO -   L_TD  (fwd): 860.173584
2025-10-31 13:55:05,562 - nlmfsp.trainer - INFO -   L_FK (fwd): 19.689310
2025-10-31 13:55:05,562 - nlmfsp.trainer - INFO -   L_FK (bwd): 7.871965
2025-10-31 13:55:05,562 - nlmfsp.trainer - INFO -   L_Boundary (fwd): 9.571983
2025-10-31 13:55:05,562 - nlmfsp.trainer - INFO -   L_Boundary (bwd): 420.778015
2025-10-31 13:55:05,562 - nlmfsp.trainer - INFO -   Interaction learning: skipped
2025-10-31 13:55:05,562 - nlmfsp.trainer - INFO -   Time: 28.55s
2025-10-31 13:55:05,562 - nlmfsp.trainer - INFO - 
2025-10-31 13:55:05,669 - nlmfsp.trainer - INFO - Checkpoint saved: outputs/experiments/analytical_gmm_navigation/exp_20251031_135156_lry1e-03_lrz5e-04_n200_ipf1_td1_fk1_b1_ema0.990/checkpoints/checkpoint_0006.pt
2025-10-31 13:55:08,759 - nlmfsp.trainer - INFO - Iteration 7/40
2025-10-31 13:55:37,999 - nlmfsp.trainer - INFO -   L_IPF (fwd): 1.315610
2025-10-31 13:55:38,000 - nlmfsp.trainer - INFO -   L_IPF (bwd): 2.027310
2025-10-31 13:55:38,000 - nlmfsp.trainer - INFO -   L_TD  (bwd): 585.174133
2025-10-31 13:55:38,000 - nlmfsp.trainer - INFO -   L_TD  (fwd): 723.434692
2025-10-31 13:55:38,000 - nlmfsp.trainer - INFO -   L_FK (fwd): 19.612915
2025-10-31 13:55:38,000 - nlmfsp.trainer - INFO -   L_FK (bwd): 8.060730
2025-10-31 13:55:38,000 - nlmfsp.trainer - INFO -   L_Boundary (fwd): 8.694634
2025-10-31 13:55:38,000 - nlmfsp.trainer - INFO -   L_Boundary (bwd): 220.358185
2025-10-31 13:55:38,000 - nlmfsp.trainer - INFO -   Interaction learning: skipped
2025-10-31 13:55:38,000 - nlmfsp.trainer - INFO -   Time: 29.24s
2025-10-31 13:55:38,000 - nlmfsp.trainer - INFO - 
2025-10-31 13:55:38,099 - nlmfsp.trainer - INFO - Checkpoint saved: outputs/experiments/analytical_gmm_navigation/exp_20251031_135156_lry1e-03_lrz5e-04_n200_ipf1_td1_fk1_b1_ema0.990/checkpoints/checkpoint_0007.pt
2025-10-31 13:55:41,438 - nlmfsp.trainer - INFO - Iteration 8/40
2025-10-31 13:56:10,228 - nlmfsp.trainer - INFO -   L_IPF (fwd): 1.355109
2025-10-31 13:56:10,228 - nlmfsp.trainer - INFO -   L_IPF (bwd): 1.754082
2025-10-31 13:56:10,228 - nlmfsp.trainer - INFO -   L_TD  (bwd): 543.365662
2025-10-31 13:56:10,228 - nlmfsp.trainer - INFO -   L_TD  (fwd): 637.885925
2025-10-31 13:56:10,228 - nlmfsp.trainer - INFO -   L_FK (fwd): 19.938278
2025-10-31 13:56:10,228 - nlmfsp.trainer - INFO -   L_FK (bwd): 8.492724
2025-10-31 13:56:10,228 - nlmfsp.trainer - INFO -   L_Boundary (fwd): 13.752563
2025-10-31 13:56:10,228 - nlmfsp.trainer - INFO -   L_Boundary (bwd): 175.941269
2025-10-31 13:56:10,228 - nlmfsp.trainer - INFO -   Interaction learning: skipped
2025-10-31 13:56:10,228 - nlmfsp.trainer - INFO -   Time: 28.79s
2025-10-31 13:56:10,228 - nlmfsp.trainer - INFO - 
2025-10-31 13:56:10,326 - nlmfsp.trainer - INFO - Checkpoint saved: outputs/experiments/analytical_gmm_navigation/exp_20251031_135156_lry1e-03_lrz5e-04_n200_ipf1_td1_fk1_b1_ema0.990/checkpoints/checkpoint_0008.pt
2025-10-31 13:56:13,548 - nlmfsp.trainer - INFO - Iteration 9/40
2025-10-31 13:56:42,504 - nlmfsp.trainer - INFO -   L_IPF (fwd): 1.356492
2025-10-31 13:56:42,505 - nlmfsp.trainer - INFO -   L_IPF (bwd): 1.654130
2025-10-31 13:56:42,505 - nlmfsp.trainer - INFO -   L_TD  (bwd): 561.030579
2025-10-31 13:56:42,505 - nlmfsp.trainer - INFO -   L_TD  (fwd): 560.976929
2025-10-31 13:56:42,505 - nlmfsp.trainer - INFO -   L_FK (fwd): 19.863756
2025-10-31 13:56:42,505 - nlmfsp.trainer - INFO -   L_FK (bwd): 9.114354
2025-10-31 13:56:42,505 - nlmfsp.trainer - INFO -   L_Boundary (fwd): 7.800072
2025-10-31 13:56:42,505 - nlmfsp.trainer - INFO -   L_Boundary (bwd): 176.805542
2025-10-31 13:56:42,505 - nlmfsp.trainer - INFO -   Interaction learning: skipped
2025-10-31 13:56:42,505 - nlmfsp.trainer - INFO -   Time: 28.96s
2025-10-31 13:56:42,505 - nlmfsp.trainer - INFO - 
2025-10-31 13:56:42,609 - nlmfsp.trainer - INFO - Checkpoint saved: outputs/experiments/analytical_gmm_navigation/exp_20251031_135156_lry1e-03_lrz5e-04_n200_ipf1_td1_fk1_b1_ema0.990/checkpoints/checkpoint_0009.pt
2025-10-31 13:56:45,884 - nlmfsp.trainer - INFO - Iteration 10/40
2025-10-31 13:57:15,051 - nlmfsp.trainer - INFO -   L_IPF (fwd): 1.438688
2025-10-31 13:57:15,051 - nlmfsp.trainer - INFO -   L_IPF (bwd): 1.658787
2025-10-31 13:57:15,051 - nlmfsp.trainer - INFO -   L_TD  (bwd): 544.314941
2025-10-31 13:57:15,051 - nlmfsp.trainer - INFO -   L_TD  (fwd): 540.250549
2025-10-31 13:57:15,051 - nlmfsp.trainer - INFO -   L_FK (fwd): 19.858919
2025-10-31 13:57:15,051 - nlmfsp.trainer - INFO -   L_FK (bwd): 8.763196
2025-10-31 13:57:15,051 - nlmfsp.trainer - INFO -   L_Boundary (fwd): 8.285774
2025-10-31 13:57:15,051 - nlmfsp.trainer - INFO -   L_Boundary (bwd): 108.704971
2025-10-31 13:57:15,051 - nlmfsp.trainer - INFO -   Interaction learning: skipped
2025-10-31 13:57:15,051 - nlmfsp.trainer - INFO -   Time: 29.17s
2025-10-31 13:57:15,051 - nlmfsp.trainer - INFO - 
2025-10-31 13:57:15,148 - nlmfsp.trainer - INFO - Checkpoint saved: outputs/experiments/analytical_gmm_navigation/exp_20251031_135156_lry1e-03_lrz5e-04_n200_ipf1_td1_fk1_b1_ema0.990/checkpoints/checkpoint_0010.pt
2025-10-31 13:57:18,189 - nlmfsp.trainer - INFO - Iteration 11/40
2025-10-31 13:57:47,029 - nlmfsp.trainer - INFO -   L_IPF (fwd): 1.470407
2025-10-31 13:57:47,029 - nlmfsp.trainer - INFO -   L_IPF (bwd): 1.750434
2025-10-31 13:57:47,029 - nlmfsp.trainer - INFO -   L_TD  (bwd): 556.957947
2025-10-31 13:57:47,029 - nlmfsp.trainer - INFO -   L_TD  (fwd): 527.931641
2025-10-31 13:57:47,029 - nlmfsp.trainer - INFO -   L_FK (fwd): 20.337528
2025-10-31 13:57:47,029 - nlmfsp.trainer - INFO -   L_FK (bwd): 7.917166
2025-10-31 13:57:47,029 - nlmfsp.trainer - INFO -   L_Boundary (fwd): 5.050293
2025-10-31 13:57:47,029 - nlmfsp.trainer - INFO -   L_Boundary (bwd): 97.428284
2025-10-31 13:57:47,029 - nlmfsp.trainer - INFO -   Interaction learning: skipped
2025-10-31 13:57:47,029 - nlmfsp.trainer - INFO -   Time: 28.84s
2025-10-31 13:57:47,029 - nlmfsp.trainer - INFO - 
2025-10-31 13:57:47,125 - nlmfsp.trainer - INFO - Checkpoint saved: outputs/experiments/analytical_gmm_navigation/exp_20251031_135156_lry1e-03_lrz5e-04_n200_ipf1_td1_fk1_b1_ema0.990/checkpoints/checkpoint_0011.pt
2025-10-31 13:57:50,187 - nlmfsp.trainer - INFO - Iteration 12/40
2025-10-31 13:58:18,929 - nlmfsp.trainer - INFO -   L_IPF (fwd): 1.407365
2025-10-31 13:58:18,929 - nlmfsp.trainer - INFO -   L_IPF (bwd): 1.716218
2025-10-31 13:58:18,930 - nlmfsp.trainer - INFO -   L_TD  (bwd): 490.331787
2025-10-31 13:58:18,930 - nlmfsp.trainer - INFO -   L_TD  (fwd): 475.611633
2025-10-31 13:58:18,930 - nlmfsp.trainer - INFO -   L_FK (fwd): 19.045202
2025-10-31 13:58:18,930 - nlmfsp.trainer - INFO -   L_FK (bwd): 7.194873
2025-10-31 13:58:18,930 - nlmfsp.trainer - INFO -   L_Boundary (fwd): 4.743414
2025-10-31 13:58:18,930 - nlmfsp.trainer - INFO -   L_Boundary (bwd): 57.800537
2025-10-31 13:58:18,930 - nlmfsp.trainer - INFO -   Interaction learning: skipped
2025-10-31 13:58:18,930 - nlmfsp.trainer - INFO -   Time: 28.74s
2025-10-31 13:58:18,930 - nlmfsp.trainer - INFO - 
2025-10-31 13:58:19,027 - nlmfsp.trainer - INFO - Checkpoint saved: outputs/experiments/analytical_gmm_navigation/exp_20251031_135156_lry1e-03_lrz5e-04_n200_ipf1_td1_fk1_b1_ema0.990/checkpoints/checkpoint_0012.pt
2025-10-31 13:58:22,181 - nlmfsp.trainer - INFO - Iteration 13/40
2025-10-31 13:58:51,072 - nlmfsp.trainer - INFO -   L_IPF (fwd): 1.300268
2025-10-31 13:58:51,072 - nlmfsp.trainer - INFO -   L_IPF (bwd): 1.545807
2025-10-31 13:58:51,072 - nlmfsp.trainer - INFO -   L_TD  (bwd): 385.932098
2025-10-31 13:58:51,072 - nlmfsp.trainer - INFO -   L_TD  (fwd): 387.427399
2025-10-31 13:58:51,072 - nlmfsp.trainer - INFO -   L_FK (fwd): 16.927420
2025-10-31 13:58:51,072 - nlmfsp.trainer - INFO -   L_FK (bwd): 7.104743
2025-10-31 13:58:51,072 - nlmfsp.trainer - INFO -   L_Boundary (fwd): 4.265868
2025-10-31 13:58:51,072 - nlmfsp.trainer - INFO -   L_Boundary (bwd): 38.125259
2025-10-31 13:58:51,072 - nlmfsp.trainer - INFO -   Interaction learning: skipped
2025-10-31 13:58:51,072 - nlmfsp.trainer - INFO -   Time: 28.89s
2025-10-31 13:58:51,072 - nlmfsp.trainer - INFO - 
2025-10-31 13:58:51,170 - nlmfsp.trainer - INFO - Checkpoint saved: outputs/experiments/analytical_gmm_navigation/exp_20251031_135156_lry1e-03_lrz5e-04_n200_ipf1_td1_fk1_b1_ema0.990/checkpoints/checkpoint_0013.pt
2025-10-31 13:58:54,282 - nlmfsp.trainer - INFO - Iteration 14/40
2025-10-31 13:59:22,945 - nlmfsp.trainer - INFO -   L_IPF (fwd): 1.254996
2025-10-31 13:59:22,945 - nlmfsp.trainer - INFO -   L_IPF (bwd): 1.406463
2025-10-31 13:59:22,945 - nlmfsp.trainer - INFO -   L_TD  (bwd): 308.438141
2025-10-31 13:59:22,945 - nlmfsp.trainer - INFO -   L_TD  (fwd): 285.276947
2025-10-31 13:59:22,945 - nlmfsp.trainer - INFO -   L_FK (fwd): 14.288160
2025-10-31 13:59:22,945 - nlmfsp.trainer - INFO -   L_FK (bwd): 7.147150
2025-10-31 13:59:22,946 - nlmfsp.trainer - INFO -   L_Boundary (fwd): 3.937900
2025-10-31 13:59:22,946 - nlmfsp.trainer - INFO -   L_Boundary (bwd): 27.231457
2025-10-31 13:59:22,946 - nlmfsp.trainer - INFO -   Interaction learning: skipped
2025-10-31 13:59:22,946 - nlmfsp.trainer - INFO -   Time: 28.66s
2025-10-31 13:59:22,946 - nlmfsp.trainer - INFO - 
2025-10-31 13:59:23,044 - nlmfsp.trainer - INFO - Checkpoint saved: outputs/experiments/analytical_gmm_navigation/exp_20251031_135156_lry1e-03_lrz5e-04_n200_ipf1_td1_fk1_b1_ema0.990/checkpoints/checkpoint_0014.pt
2025-10-31 13:59:26,150 - nlmfsp.trainer - INFO - Iteration 15/40
2025-10-31 13:59:54,768 - nlmfsp.trainer - INFO -   L_IPF (fwd): 1.289754
2025-10-31 13:59:54,768 - nlmfsp.trainer - INFO -   L_IPF (bwd): 1.322081
2025-10-31 13:59:54,768 - nlmfsp.trainer - INFO -   L_TD  (bwd): 248.442886
2025-10-31 13:59:54,768 - nlmfsp.trainer - INFO -   L_TD  (fwd): 204.050797
2025-10-31 13:59:54,768 - nlmfsp.trainer - INFO -   L_FK (fwd): 11.802792
2025-10-31 13:59:54,768 - nlmfsp.trainer - INFO -   L_FK (bwd): 6.980585
2025-10-31 13:59:54,769 - nlmfsp.trainer - INFO -   L_Boundary (fwd): 3.590916
2025-10-31 13:59:54,769 - nlmfsp.trainer - INFO -   L_Boundary (bwd): 21.612700
2025-10-31 13:59:54,769 - nlmfsp.trainer - INFO -   Interaction learning: skipped
2025-10-31 13:59:54,769 - nlmfsp.trainer - INFO -   Time: 28.62s
2025-10-31 13:59:54,769 - nlmfsp.trainer - INFO - 
2025-10-31 13:59:54,864 - nlmfsp.trainer - INFO - Checkpoint saved: outputs/experiments/analytical_gmm_navigation/exp_20251031_135156_lry1e-03_lrz5e-04_n200_ipf1_td1_fk1_b1_ema0.990/checkpoints/checkpoint_0015.pt
2025-10-31 13:59:57,905 - nlmfsp.trainer - INFO - Iteration 16/40
2025-10-31 14:00:26,587 - nlmfsp.trainer - INFO -   L_IPF (fwd): 1.294155
2025-10-31 14:00:26,587 - nlmfsp.trainer - INFO -   L_IPF (bwd): 1.241154
2025-10-31 14:00:26,587 - nlmfsp.trainer - INFO -   L_TD  (bwd): 208.896591
2025-10-31 14:00:26,587 - nlmfsp.trainer - INFO -   L_TD  (fwd): 157.759552
2025-10-31 14:00:26,587 - nlmfsp.trainer - INFO -   L_FK (fwd): 9.916392
2025-10-31 14:00:26,587 - nlmfsp.trainer - INFO -   L_FK (bwd): 6.728296
2025-10-31 14:00:26,587 - nlmfsp.trainer - INFO -   L_Boundary (fwd): 2.853625
2025-10-31 14:00:26,587 - nlmfsp.trainer - INFO -   L_Boundary (bwd): 19.064991
2025-10-31 14:00:26,587 - nlmfsp.trainer - INFO -   Interaction learning: skipped
2025-10-31 14:00:26,587 - nlmfsp.trainer - INFO -   Time: 28.68s
2025-10-31 14:00:26,587 - nlmfsp.trainer - INFO - 
2025-10-31 14:00:26,683 - nlmfsp.trainer - INFO - Checkpoint saved: outputs/experiments/analytical_gmm_navigation/exp_20251031_135156_lry1e-03_lrz5e-04_n200_ipf1_td1_fk1_b1_ema0.990/checkpoints/checkpoint_0016.pt
2025-10-31 14:00:29,913 - nlmfsp.trainer - INFO - Iteration 17/40
2025-10-31 14:00:58,384 - nlmfsp.trainer - INFO -   L_IPF (fwd): 1.182268
2025-10-31 14:00:58,384 - nlmfsp.trainer - INFO -   L_IPF (bwd): 1.100905
2025-10-31 14:00:58,384 - nlmfsp.trainer - INFO -   L_TD  (bwd): 167.943588
2025-10-31 14:00:58,384 - nlmfsp.trainer - INFO -   L_TD  (fwd): 129.514374
2025-10-31 14:00:58,384 - nlmfsp.trainer - INFO -   L_FK (fwd): 8.848302
2025-10-31 14:00:58,384 - nlmfsp.trainer - INFO -   L_FK (bwd): 6.165134
2025-10-31 14:00:58,384 - nlmfsp.trainer - INFO -   L_Boundary (fwd): 1.971644
2025-10-31 14:00:58,384 - nlmfsp.trainer - INFO -   L_Boundary (bwd): 11.965800
2025-10-31 14:00:58,384 - nlmfsp.trainer - INFO -   Interaction learning: skipped
2025-10-31 14:00:58,384 - nlmfsp.trainer - INFO -   Time: 28.47s
2025-10-31 14:00:58,384 - nlmfsp.trainer - INFO - 
2025-10-31 14:00:58,482 - nlmfsp.trainer - INFO - Checkpoint saved: outputs/experiments/analytical_gmm_navigation/exp_20251031_135156_lry1e-03_lrz5e-04_n200_ipf1_td1_fk1_b1_ema0.990/checkpoints/checkpoint_0017.pt
2025-10-31 14:01:01,560 - nlmfsp.trainer - INFO - Iteration 18/40
2025-10-31 14:01:30,727 - nlmfsp.trainer - INFO -   L_IPF (fwd): 1.141899
2025-10-31 14:01:30,727 - nlmfsp.trainer - INFO -   L_IPF (bwd): 0.953389
2025-10-31 14:01:30,727 - nlmfsp.trainer - INFO -   L_TD  (bwd): 136.232986
2025-10-31 14:01:30,727 - nlmfsp.trainer - INFO -   L_TD  (fwd): 108.539116
2025-10-31 14:01:30,727 - nlmfsp.trainer - INFO -   L_FK (fwd): 7.917829
2025-10-31 14:01:30,727 - nlmfsp.trainer - INFO -   L_FK (bwd): 5.616566
2025-10-31 14:01:30,728 - nlmfsp.trainer - INFO -   L_Boundary (fwd): 1.578890
2025-10-31 14:01:30,728 - nlmfsp.trainer - INFO -   L_Boundary (bwd): 9.040027
2025-10-31 14:01:30,728 - nlmfsp.trainer - INFO -   Interaction learning: skipped
2025-10-31 14:01:30,728 - nlmfsp.trainer - INFO -   Time: 29.17s
2025-10-31 14:01:30,728 - nlmfsp.trainer - INFO - 
2025-10-31 14:01:30,830 - nlmfsp.trainer - INFO - Checkpoint saved: outputs/experiments/analytical_gmm_navigation/exp_20251031_135156_lry1e-03_lrz5e-04_n200_ipf1_td1_fk1_b1_ema0.990/checkpoints/checkpoint_0018.pt
2025-10-31 14:01:34,042 - nlmfsp.trainer - INFO - Iteration 19/40
2025-10-31 14:02:03,503 - nlmfsp.trainer - INFO -   L_IPF (fwd): 1.058225
2025-10-31 14:02:03,503 - nlmfsp.trainer - INFO -   L_IPF (bwd): 0.886121
2025-10-31 14:02:03,503 - nlmfsp.trainer - INFO -   L_TD  (bwd): 110.742287
2025-10-31 14:02:03,503 - nlmfsp.trainer - INFO -   L_TD  (fwd): 96.045998
2025-10-31 14:02:03,503 - nlmfsp.trainer - INFO -   L_FK (fwd): 7.341153
2025-10-31 14:02:03,503 - nlmfsp.trainer - INFO -   L_FK (bwd): 5.101012
2025-10-31 14:02:03,503 - nlmfsp.trainer - INFO -   L_Boundary (fwd): 1.658337
2025-10-31 14:02:03,503 - nlmfsp.trainer - INFO -   L_Boundary (bwd): 8.122573
2025-10-31 14:02:03,503 - nlmfsp.trainer - INFO -   Interaction learning: skipped
2025-10-31 14:02:03,503 - nlmfsp.trainer - INFO -   Time: 29.46s
2025-10-31 14:02:03,503 - nlmfsp.trainer - INFO - 
2025-10-31 14:02:03,603 - nlmfsp.trainer - INFO - Checkpoint saved: outputs/experiments/analytical_gmm_navigation/exp_20251031_135156_lry1e-03_lrz5e-04_n200_ipf1_td1_fk1_b1_ema0.990/checkpoints/checkpoint_0019.pt
2025-10-31 14:02:06,804 - nlmfsp.trainer - INFO - Iteration 20/40
2025-10-31 14:02:35,523 - nlmfsp.trainer - INFO -   L_IPF (fwd): 0.990956
2025-10-31 14:02:35,523 - nlmfsp.trainer - INFO -   L_IPF (bwd): 0.832228
2025-10-31 14:02:35,524 - nlmfsp.trainer - INFO -   L_TD  (bwd): 92.538940
2025-10-31 14:02:35,524 - nlmfsp.trainer - INFO -   L_TD  (fwd): 85.564018
2025-10-31 14:02:35,524 - nlmfsp.trainer - INFO -   L_FK (fwd): 6.829432
2025-10-31 14:02:35,524 - nlmfsp.trainer - INFO -   L_FK (bwd): 4.723875
2025-10-31 14:02:35,524 - nlmfsp.trainer - INFO -   L_Boundary (fwd): 1.749062
2025-10-31 14:02:35,524 - nlmfsp.trainer - INFO -   L_Boundary (bwd): 7.932006
2025-10-31 14:02:35,524 - nlmfsp.trainer - INFO -   Interaction learning: skipped
2025-10-31 14:02:35,524 - nlmfsp.trainer - INFO -   Time: 28.72s
2025-10-31 14:02:35,524 - nlmfsp.trainer - INFO - 
2025-10-31 14:02:35,628 - nlmfsp.trainer - INFO - Checkpoint saved: outputs/experiments/analytical_gmm_navigation/exp_20251031_135156_lry1e-03_lrz5e-04_n200_ipf1_td1_fk1_b1_ema0.990/checkpoints/checkpoint_0020.pt
2025-10-31 14:02:38,835 - nlmfsp.trainer - INFO - Iteration 21/40
2025-10-31 14:03:07,486 - nlmfsp.trainer - INFO -   L_IPF (fwd): 0.906212
2025-10-31 14:03:07,487 - nlmfsp.trainer - INFO -   L_IPF (bwd): 0.809514
2025-10-31 14:03:07,487 - nlmfsp.trainer - INFO -   L_TD  (bwd): 81.965477
2025-10-31 14:03:07,487 - nlmfsp.trainer - INFO -   L_TD  (fwd): 80.393974
2025-10-31 14:03:07,487 - nlmfsp.trainer - INFO -   L_FK (fwd): 6.520823
2025-10-31 14:03:07,487 - nlmfsp.trainer - INFO -   L_FK (bwd): 4.450321
2025-10-31 14:03:07,487 - nlmfsp.trainer - INFO -   L_Boundary (fwd): 1.409660
2025-10-31 14:03:07,487 - nlmfsp.trainer - INFO -   L_Boundary (bwd): 6.616076
2025-10-31 14:03:07,487 - nlmfsp.trainer - INFO -   Interaction learning: skipped
2025-10-31 14:03:07,487 - nlmfsp.trainer - INFO -   Time: 28.65s
2025-10-31 14:03:07,487 - nlmfsp.trainer - INFO - 
2025-10-31 14:03:07,584 - nlmfsp.trainer - INFO - Checkpoint saved: outputs/experiments/analytical_gmm_navigation/exp_20251031_135156_lry1e-03_lrz5e-04_n200_ipf1_td1_fk1_b1_ema0.990/checkpoints/checkpoint_0021.pt
2025-10-31 14:03:10,816 - nlmfsp.trainer - INFO - Iteration 22/40
2025-10-31 14:03:39,706 - nlmfsp.trainer - INFO -   L_IPF (fwd): 0.847113
2025-10-31 14:03:39,706 - nlmfsp.trainer - INFO -   L_IPF (bwd): 0.794860
2025-10-31 14:03:39,706 - nlmfsp.trainer - INFO -   L_TD  (bwd): 72.563866
2025-10-31 14:03:39,706 - nlmfsp.trainer - INFO -   L_TD  (fwd): 74.424728
2025-10-31 14:03:39,706 - nlmfsp.trainer - INFO -   L_FK (fwd): 6.175229
2025-10-31 14:03:39,707 - nlmfsp.trainer - INFO -   L_FK (bwd): 4.209043
2025-10-31 14:03:39,707 - nlmfsp.trainer - INFO -   L_Boundary (fwd): 1.098179
2025-10-31 14:03:39,707 - nlmfsp.trainer - INFO -   L_Boundary (bwd): 5.411447
2025-10-31 14:03:39,707 - nlmfsp.trainer - INFO -   Interaction learning: skipped
2025-10-31 14:03:39,707 - nlmfsp.trainer - INFO -   Time: 28.89s
2025-10-31 14:03:39,707 - nlmfsp.trainer - INFO - 
2025-10-31 14:03:39,806 - nlmfsp.trainer - INFO - Checkpoint saved: outputs/experiments/analytical_gmm_navigation/exp_20251031_135156_lry1e-03_lrz5e-04_n200_ipf1_td1_fk1_b1_ema0.990/checkpoints/checkpoint_0022.pt
2025-10-31 14:03:42,839 - nlmfsp.trainer - INFO - Iteration 23/40
2025-10-31 14:04:11,754 - nlmfsp.trainer - INFO -   L_IPF (fwd): 0.814961
2025-10-31 14:04:11,754 - nlmfsp.trainer - INFO -   L_IPF (bwd): 0.749994
2025-10-31 14:04:11,754 - nlmfsp.trainer - INFO -   L_TD  (bwd): 68.373245
2025-10-31 14:04:11,754 - nlmfsp.trainer - INFO -   L_TD  (fwd): 69.263962
2025-10-31 14:04:11,754 - nlmfsp.trainer - INFO -   L_FK (fwd): 5.824339
2025-10-31 14:04:11,754 - nlmfsp.trainer - INFO -   L_FK (bwd): 4.031926
2025-10-31 14:04:11,754 - nlmfsp.trainer - INFO -   L_Boundary (fwd): 1.066204
2025-10-31 14:04:11,754 - nlmfsp.trainer - INFO -   L_Boundary (bwd): 6.104821
2025-10-31 14:04:11,754 - nlmfsp.trainer - INFO -   Interaction learning: skipped
2025-10-31 14:04:11,754 - nlmfsp.trainer - INFO -   Time: 28.91s
2025-10-31 14:04:11,754 - nlmfsp.trainer - INFO - 
2025-10-31 14:04:11,854 - nlmfsp.trainer - INFO - Checkpoint saved: outputs/experiments/analytical_gmm_navigation/exp_20251031_135156_lry1e-03_lrz5e-04_n200_ipf1_td1_fk1_b1_ema0.990/checkpoints/checkpoint_0023.pt
2025-10-31 14:04:15,108 - nlmfsp.trainer - INFO - Iteration 24/40
2025-10-31 14:04:43,844 - nlmfsp.trainer - INFO -   L_IPF (fwd): 0.763986
2025-10-31 14:04:43,845 - nlmfsp.trainer - INFO -   L_IPF (bwd): 0.717751
2025-10-31 14:04:43,845 - nlmfsp.trainer - INFO -   L_TD  (bwd): 57.454533
2025-10-31 14:04:43,845 - nlmfsp.trainer - INFO -   L_TD  (fwd): 67.630463
2025-10-31 14:04:43,845 - nlmfsp.trainer - INFO -   L_FK (fwd): 5.622282
2025-10-31 14:04:43,845 - nlmfsp.trainer - INFO -   L_FK (bwd): 3.807994
2025-10-31 14:04:43,845 - nlmfsp.trainer - INFO -   L_Boundary (fwd): 1.222539
2025-10-31 14:04:43,845 - nlmfsp.trainer - INFO -   L_Boundary (bwd): 5.106208
2025-10-31 14:04:43,845 - nlmfsp.trainer - INFO -   Interaction learning: skipped
2025-10-31 14:04:43,845 - nlmfsp.trainer - INFO -   Time: 28.74s
2025-10-31 14:04:43,845 - nlmfsp.trainer - INFO - 
2025-10-31 14:04:43,952 - nlmfsp.trainer - INFO - Checkpoint saved: outputs/experiments/analytical_gmm_navigation/exp_20251031_135156_lry1e-03_lrz5e-04_n200_ipf1_td1_fk1_b1_ema0.990/checkpoints/checkpoint_0024.pt
2025-10-31 14:04:47,059 - nlmfsp.trainer - INFO - Iteration 25/40
2025-10-31 14:05:16,667 - nlmfsp.trainer - INFO -   L_IPF (fwd): 0.738756
2025-10-31 14:05:16,668 - nlmfsp.trainer - INFO -   L_IPF (bwd): 0.710293
2025-10-31 14:05:16,668 - nlmfsp.trainer - INFO -   L_TD  (bwd): 58.740887
2025-10-31 14:05:16,668 - nlmfsp.trainer - INFO -   L_TD  (fwd): 66.383163
2025-10-31 14:05:16,668 - nlmfsp.trainer - INFO -   L_FK (fwd): 5.361817
2025-10-31 14:05:16,668 - nlmfsp.trainer - INFO -   L_FK (bwd): 3.706624
2025-10-31 14:05:16,668 - nlmfsp.trainer - INFO -   L_Boundary (fwd): 1.276032
2025-10-31 14:05:16,668 - nlmfsp.trainer - INFO -   L_Boundary (bwd): 5.651275
2025-10-31 14:05:16,668 - nlmfsp.trainer - INFO -   Interaction learning: skipped
2025-10-31 14:05:16,668 - nlmfsp.trainer - INFO -   Time: 29.61s
2025-10-31 14:05:16,668 - nlmfsp.trainer - INFO - 
2025-10-31 14:05:16,766 - nlmfsp.trainer - INFO - Checkpoint saved: outputs/experiments/analytical_gmm_navigation/exp_20251031_135156_lry1e-03_lrz5e-04_n200_ipf1_td1_fk1_b1_ema0.990/checkpoints/checkpoint_0025.pt
2025-10-31 14:05:19,901 - nlmfsp.trainer - INFO - Iteration 26/40
2025-10-31 14:05:48,659 - nlmfsp.trainer - INFO -   L_IPF (fwd): 0.737467
2025-10-31 14:05:48,659 - nlmfsp.trainer - INFO -   L_IPF (bwd): 0.678109
2025-10-31 14:05:48,660 - nlmfsp.trainer - INFO -   L_TD  (bwd): 54.634880
2025-10-31 14:05:48,660 - nlmfsp.trainer - INFO -   L_TD  (fwd): 63.968849
2025-10-31 14:05:48,660 - nlmfsp.trainer - INFO -   L_FK (fwd): 5.133263
2025-10-31 14:05:48,660 - nlmfsp.trainer - INFO -   L_FK (bwd): 3.600409
2025-10-31 14:05:48,660 - nlmfsp.trainer - INFO -   L_Boundary (fwd): 1.092815
2025-10-31 14:05:48,660 - nlmfsp.trainer - INFO -   L_Boundary (bwd): 5.149219
2025-10-31 14:05:48,660 - nlmfsp.trainer - INFO -   Interaction learning: skipped
2025-10-31 14:05:48,660 - nlmfsp.trainer - INFO -   Time: 28.76s
2025-10-31 14:05:48,660 - nlmfsp.trainer - INFO - 
2025-10-31 14:05:48,761 - nlmfsp.trainer - INFO - Checkpoint saved: outputs/experiments/analytical_gmm_navigation/exp_20251031_135156_lry1e-03_lrz5e-04_n200_ipf1_td1_fk1_b1_ema0.990/checkpoints/checkpoint_0026.pt
2025-10-31 14:05:51,834 - nlmfsp.trainer - INFO - Iteration 27/40
2025-10-31 14:06:20,639 - nlmfsp.trainer - INFO -   L_IPF (fwd): 0.753775
2025-10-31 14:06:20,639 - nlmfsp.trainer - INFO -   L_IPF (bwd): 0.698339
2025-10-31 14:06:20,639 - nlmfsp.trainer - INFO -   L_TD  (bwd): 54.854565
2025-10-31 14:06:20,639 - nlmfsp.trainer - INFO -   L_TD  (fwd): 62.758564
2025-10-31 14:06:20,639 - nlmfsp.trainer - INFO -   L_FK (fwd): 5.016178
2025-10-31 14:06:20,640 - nlmfsp.trainer - INFO -   L_FK (bwd): 3.499383
2025-10-31 14:06:20,640 - nlmfsp.trainer - INFO -   L_Boundary (fwd): 1.655172
2025-10-31 14:06:20,640 - nlmfsp.trainer - INFO -   L_Boundary (bwd): 5.272726
2025-10-31 14:06:20,640 - nlmfsp.trainer - INFO -   Interaction learning: skipped
2025-10-31 14:06:20,640 - nlmfsp.trainer - INFO -   Time: 28.80s
2025-10-31 14:06:20,640 - nlmfsp.trainer - INFO - 
2025-10-31 14:06:20,743 - nlmfsp.trainer - INFO - Checkpoint saved: outputs/experiments/analytical_gmm_navigation/exp_20251031_135156_lry1e-03_lrz5e-04_n200_ipf1_td1_fk1_b1_ema0.990/checkpoints/checkpoint_0027.pt
2025-10-31 14:06:23,844 - nlmfsp.trainer - INFO - Iteration 28/40
2025-10-31 14:06:52,679 - nlmfsp.trainer - INFO -   L_IPF (fwd): 0.746086
2025-10-31 14:06:52,679 - nlmfsp.trainer - INFO -   L_IPF (bwd): 0.694655
2025-10-31 14:06:52,679 - nlmfsp.trainer - INFO -   L_TD  (bwd): 51.246662
2025-10-31 14:06:52,679 - nlmfsp.trainer - INFO -   L_TD  (fwd): 61.904613
2025-10-31 14:06:52,679 - nlmfsp.trainer - INFO -   L_FK (fwd): 4.973741
2025-10-31 14:06:52,680 - nlmfsp.trainer - INFO -   L_FK (bwd): 3.445234
2025-10-31 14:06:52,680 - nlmfsp.trainer - INFO -   L_Boundary (fwd): 1.142045
2025-10-31 14:06:52,680 - nlmfsp.trainer - INFO -   L_Boundary (bwd): 4.443938
2025-10-31 14:06:52,680 - nlmfsp.trainer - INFO -   Interaction learning: skipped
2025-10-31 14:06:52,680 - nlmfsp.trainer - INFO -   Time: 28.84s
2025-10-31 14:06:52,680 - nlmfsp.trainer - INFO - 
2025-10-31 14:06:52,777 - nlmfsp.trainer - INFO - Checkpoint saved: outputs/experiments/analytical_gmm_navigation/exp_20251031_135156_lry1e-03_lrz5e-04_n200_ipf1_td1_fk1_b1_ema0.990/checkpoints/checkpoint_0028.pt
2025-10-31 14:06:55,874 - nlmfsp.trainer - INFO - Iteration 29/40
2025-10-31 14:07:23,956 - nlmfsp.trainer - INFO -   L_IPF (fwd): 0.773552
2025-10-31 14:07:23,956 - nlmfsp.trainer - INFO -   L_IPF (bwd): 0.655225
2025-10-31 14:07:23,956 - nlmfsp.trainer - INFO -   L_TD  (bwd): 53.586498
2025-10-31 14:07:23,956 - nlmfsp.trainer - INFO -   L_TD  (fwd): 56.132225
2025-10-31 14:07:23,956 - nlmfsp.trainer - INFO -   L_FK (fwd): 4.819006
2025-10-31 14:07:23,956 - nlmfsp.trainer - INFO -   L_FK (bwd): 3.458523
2025-10-31 14:07:23,956 - nlmfsp.trainer - INFO -   L_Boundary (fwd): 0.921391
2025-10-31 14:07:23,956 - nlmfsp.trainer - INFO -   L_Boundary (bwd): 5.168011
2025-10-31 14:07:23,956 - nlmfsp.trainer - INFO -   Interaction learning: skipped
2025-10-31 14:07:23,956 - nlmfsp.trainer - INFO -   Time: 28.08s
2025-10-31 14:07:23,956 - nlmfsp.trainer - INFO - 
2025-10-31 14:07:24,054 - nlmfsp.trainer - INFO - Checkpoint saved: outputs/experiments/analytical_gmm_navigation/exp_20251031_135156_lry1e-03_lrz5e-04_n200_ipf1_td1_fk1_b1_ema0.990/checkpoints/checkpoint_0029.pt
2025-10-31 14:07:27,169 - nlmfsp.trainer - INFO - Iteration 30/40
2025-10-31 14:07:56,137 - nlmfsp.trainer - INFO -   L_IPF (fwd): 0.768742
2025-10-31 14:07:56,137 - nlmfsp.trainer - INFO -   L_IPF (bwd): 0.642237
2025-10-31 14:07:56,137 - nlmfsp.trainer - INFO -   L_TD  (bwd): 49.911499
2025-10-31 14:07:56,137 - nlmfsp.trainer - INFO -   L_TD  (fwd): 52.440147
2025-10-31 14:07:56,137 - nlmfsp.trainer - INFO -   L_FK (fwd): 4.654590
2025-10-31 14:07:56,137 - nlmfsp.trainer - INFO -   L_FK (bwd): 3.416456
2025-10-31 14:07:56,137 - nlmfsp.trainer - INFO -   L_Boundary (fwd): 0.889457
2025-10-31 14:07:56,137 - nlmfsp.trainer - INFO -   L_Boundary (bwd): 4.179381
2025-10-31 14:07:56,137 - nlmfsp.trainer - INFO -   Interaction learning: skipped
2025-10-31 14:07:56,137 - nlmfsp.trainer - INFO -   Time: 28.97s
2025-10-31 14:07:56,137 - nlmfsp.trainer - INFO - 
2025-10-31 14:07:56,238 - nlmfsp.trainer - INFO - Checkpoint saved: outputs/experiments/analytical_gmm_navigation/exp_20251031_135156_lry1e-03_lrz5e-04_n200_ipf1_td1_fk1_b1_ema0.990/checkpoints/checkpoint_0030.pt
2025-10-31 14:07:59,359 - nlmfsp.trainer - INFO - Iteration 31/40
2025-10-31 14:08:28,355 - nlmfsp.trainer - INFO -   L_IPF (fwd): 0.749040
2025-10-31 14:08:28,355 - nlmfsp.trainer - INFO -   L_IPF (bwd): 0.626858
2025-10-31 14:08:28,355 - nlmfsp.trainer - INFO -   L_TD  (bwd): 49.708782
2025-10-31 14:08:28,355 - nlmfsp.trainer - INFO -   L_TD  (fwd): 49.992474
2025-10-31 14:08:28,355 - nlmfsp.trainer - INFO -   L_FK (fwd): 4.503548
2025-10-31 14:08:28,355 - nlmfsp.trainer - INFO -   L_FK (bwd): 3.426296
2025-10-31 14:08:28,355 - nlmfsp.trainer - INFO -   L_Boundary (fwd): 0.718645
2025-10-31 14:08:28,355 - nlmfsp.trainer - INFO -   L_Boundary (bwd): 4.056462
2025-10-31 14:08:28,356 - nlmfsp.trainer - INFO -   Interaction learning: skipped
2025-10-31 14:08:28,356 - nlmfsp.trainer - INFO -   Time: 29.00s
2025-10-31 14:08:28,356 - nlmfsp.trainer - INFO - 
2025-10-31 14:08:28,454 - nlmfsp.trainer - INFO - Checkpoint saved: outputs/experiments/analytical_gmm_navigation/exp_20251031_135156_lry1e-03_lrz5e-04_n200_ipf1_td1_fk1_b1_ema0.990/checkpoints/checkpoint_0031.pt
2025-10-31 14:08:31,571 - nlmfsp.trainer - INFO - Iteration 32/40
2025-10-31 14:09:00,455 - nlmfsp.trainer - INFO -   L_IPF (fwd): 0.742944
2025-10-31 14:09:00,455 - nlmfsp.trainer - INFO -   L_IPF (bwd): 0.622944
2025-10-31 14:09:00,455 - nlmfsp.trainer - INFO -   L_TD  (bwd): 47.276459
2025-10-31 14:09:00,455 - nlmfsp.trainer - INFO -   L_TD  (fwd): 48.169819
2025-10-31 14:09:00,456 - nlmfsp.trainer - INFO -   L_FK (fwd): 4.438049
2025-10-31 14:09:00,456 - nlmfsp.trainer - INFO -   L_FK (bwd): 3.373261
2025-10-31 14:09:00,456 - nlmfsp.trainer - INFO -   L_Boundary (fwd): 0.720976
2025-10-31 14:09:00,456 - nlmfsp.trainer - INFO -   L_Boundary (bwd): 4.218592
2025-10-31 14:09:00,456 - nlmfsp.trainer - INFO -   Interaction learning: skipped
2025-10-31 14:09:00,456 - nlmfsp.trainer - INFO -   Time: 28.88s
2025-10-31 14:09:00,456 - nlmfsp.trainer - INFO - 
2025-10-31 14:09:00,554 - nlmfsp.trainer - INFO - Checkpoint saved: outputs/experiments/analytical_gmm_navigation/exp_20251031_135156_lry1e-03_lrz5e-04_n200_ipf1_td1_fk1_b1_ema0.990/checkpoints/checkpoint_0032.pt
2025-10-31 14:09:03,654 - nlmfsp.trainer - INFO - Iteration 33/40
2025-10-31 14:09:32,636 - nlmfsp.trainer - INFO -   L_IPF (fwd): 0.765621
2025-10-31 14:09:32,637 - nlmfsp.trainer - INFO -   L_IPF (bwd): 0.631121
2025-10-31 14:09:32,637 - nlmfsp.trainer - INFO -   L_TD  (bwd): 47.038540
2025-10-31 14:09:32,637 - nlmfsp.trainer - INFO -   L_TD  (fwd): 45.399384
2025-10-31 14:09:32,637 - nlmfsp.trainer - INFO -   L_FK (fwd): 4.195199
2025-10-31 14:09:32,637 - nlmfsp.trainer - INFO -   L_FK (bwd): 3.445244
2025-10-31 14:09:32,637 - nlmfsp.trainer - INFO -   L_Boundary (fwd): 0.932827
2025-10-31 14:09:32,637 - nlmfsp.trainer - INFO -   L_Boundary (bwd): 3.838266
2025-10-31 14:09:32,637 - nlmfsp.trainer - INFO -   Interaction learning: skipped
2025-10-31 14:09:32,637 - nlmfsp.trainer - INFO -   Time: 28.98s
2025-10-31 14:09:32,637 - nlmfsp.trainer - INFO - 
2025-10-31 14:09:32,736 - nlmfsp.trainer - INFO - Checkpoint saved: outputs/experiments/analytical_gmm_navigation/exp_20251031_135156_lry1e-03_lrz5e-04_n200_ipf1_td1_fk1_b1_ema0.990/checkpoints/checkpoint_0033.pt
2025-10-31 14:09:36,073 - nlmfsp.trainer - INFO - Iteration 34/40
2025-10-31 14:10:04,948 - nlmfsp.trainer - INFO -   L_IPF (fwd): 0.812039
2025-10-31 14:10:04,949 - nlmfsp.trainer - INFO -   L_IPF (bwd): 0.623165
2025-10-31 14:10:04,949 - nlmfsp.trainer - INFO -   L_TD  (bwd): 43.323303
2025-10-31 14:10:04,949 - nlmfsp.trainer - INFO -   L_TD  (fwd): 41.813225
2025-10-31 14:10:04,949 - nlmfsp.trainer - INFO -   L_FK (fwd): 4.113473
2025-10-31 14:10:04,949 - nlmfsp.trainer - INFO -   L_FK (bwd): 3.426131
2025-10-31 14:10:04,949 - nlmfsp.trainer - INFO -   L_Boundary (fwd): 0.791502
2025-10-31 14:10:04,949 - nlmfsp.trainer - INFO -   L_Boundary (bwd): 2.781860
2025-10-31 14:10:04,949 - nlmfsp.trainer - INFO -   Interaction learning: skipped
2025-10-31 14:10:04,949 - nlmfsp.trainer - INFO -   Time: 28.88s
2025-10-31 14:10:04,949 - nlmfsp.trainer - INFO - 
2025-10-31 14:10:05,047 - nlmfsp.trainer - INFO - Checkpoint saved: outputs/experiments/analytical_gmm_navigation/exp_20251031_135156_lry1e-03_lrz5e-04_n200_ipf1_td1_fk1_b1_ema0.990/checkpoints/checkpoint_0034.pt
2025-10-31 14:10:08,207 - nlmfsp.trainer - INFO - Iteration 35/40
2025-10-31 14:10:37,267 - nlmfsp.trainer - INFO -   L_IPF (fwd): 0.850221
2025-10-31 14:10:37,267 - nlmfsp.trainer - INFO -   L_IPF (bwd): 0.616207
2025-10-31 14:10:37,267 - nlmfsp.trainer - INFO -   L_TD  (bwd): 44.957752
2025-10-31 14:10:37,267 - nlmfsp.trainer - INFO -   L_TD  (fwd): 40.366924
2025-10-31 14:10:37,267 - nlmfsp.trainer - INFO -   L_FK (fwd): 4.017623
2025-10-31 14:10:37,267 - nlmfsp.trainer - INFO -   L_FK (bwd): 3.494484
2025-10-31 14:10:37,267 - nlmfsp.trainer - INFO -   L_Boundary (fwd): 0.891243
2025-10-31 14:10:37,267 - nlmfsp.trainer - INFO -   L_Boundary (bwd): 3.481131
2025-10-31 14:10:37,267 - nlmfsp.trainer - INFO -   Interaction learning: skipped
2025-10-31 14:10:37,267 - nlmfsp.trainer - INFO -   Time: 29.06s
2025-10-31 14:10:37,267 - nlmfsp.trainer - INFO - 
2025-10-31 14:10:37,365 - nlmfsp.trainer - INFO - Checkpoint saved: outputs/experiments/analytical_gmm_navigation/exp_20251031_135156_lry1e-03_lrz5e-04_n200_ipf1_td1_fk1_b1_ema0.990/checkpoints/checkpoint_0035.pt
2025-10-31 14:10:40,560 - nlmfsp.trainer - INFO - Iteration 36/40
2025-10-31 14:11:09,401 - nlmfsp.trainer - INFO -   L_IPF (fwd): 0.876295
2025-10-31 14:11:09,401 - nlmfsp.trainer - INFO -   L_IPF (bwd): 0.621769
2025-10-31 14:11:09,401 - nlmfsp.trainer - INFO -   L_TD  (bwd): 41.853783
2025-10-31 14:11:09,401 - nlmfsp.trainer - INFO -   L_TD  (fwd): 41.344959
2025-10-31 14:11:09,401 - nlmfsp.trainer - INFO -   L_FK (fwd): 3.927410
2025-10-31 14:11:09,401 - nlmfsp.trainer - INFO -   L_FK (bwd): 3.459569
2025-10-31 14:11:09,401 - nlmfsp.trainer - INFO -   L_Boundary (fwd): 0.901555
2025-10-31 14:11:09,401 - nlmfsp.trainer - INFO -   L_Boundary (bwd): 3.575577
2025-10-31 14:11:09,401 - nlmfsp.trainer - INFO -   Interaction learning: skipped
2025-10-31 14:11:09,402 - nlmfsp.trainer - INFO -   Time: 28.84s
2025-10-31 14:11:09,402 - nlmfsp.trainer - INFO - 
2025-10-31 14:11:09,502 - nlmfsp.trainer - INFO - Checkpoint saved: outputs/experiments/analytical_gmm_navigation/exp_20251031_135156_lry1e-03_lrz5e-04_n200_ipf1_td1_fk1_b1_ema0.990/checkpoints/checkpoint_0036.pt
2025-10-31 14:11:12,697 - nlmfsp.trainer - INFO - Iteration 37/40
2025-10-31 14:11:41,816 - nlmfsp.trainer - INFO -   L_IPF (fwd): 0.876703
2025-10-31 14:11:41,816 - nlmfsp.trainer - INFO -   L_IPF (bwd): 0.648773
2025-10-31 14:11:41,816 - nlmfsp.trainer - INFO -   L_TD  (bwd): 42.360962
2025-10-31 14:11:41,816 - nlmfsp.trainer - INFO -   L_TD  (fwd): 40.342934
2025-10-31 14:11:41,816 - nlmfsp.trainer - INFO -   L_FK (fwd): 3.830371
2025-10-31 14:11:41,816 - nlmfsp.trainer - INFO -   L_FK (bwd): 3.538890
2025-10-31 14:11:41,816 - nlmfsp.trainer - INFO -   L_Boundary (fwd): 0.845342
2025-10-31 14:11:41,816 - nlmfsp.trainer - INFO -   L_Boundary (bwd): 3.590131
2025-10-31 14:11:41,816 - nlmfsp.trainer - INFO -   Interaction learning: skipped
2025-10-31 14:11:41,816 - nlmfsp.trainer - INFO -   Time: 29.12s
2025-10-31 14:11:41,816 - nlmfsp.trainer - INFO - 
2025-10-31 14:11:41,915 - nlmfsp.trainer - INFO - Checkpoint saved: outputs/experiments/analytical_gmm_navigation/exp_20251031_135156_lry1e-03_lrz5e-04_n200_ipf1_td1_fk1_b1_ema0.990/checkpoints/checkpoint_0037.pt
2025-10-31 14:11:45,104 - nlmfsp.trainer - INFO - Iteration 38/40
2025-10-31 14:12:14,648 - nlmfsp.trainer - INFO -   L_IPF (fwd): 0.870881
2025-10-31 14:12:14,648 - nlmfsp.trainer - INFO -   L_IPF (bwd): 0.634123
2025-10-31 14:12:14,648 - nlmfsp.trainer - INFO -   L_TD  (bwd): 41.923389
2025-10-31 14:12:14,648 - nlmfsp.trainer - INFO -   L_TD  (fwd): 39.677326
2025-10-31 14:12:14,648 - nlmfsp.trainer - INFO -   L_FK (fwd): 3.732144
2025-10-31 14:12:14,648 - nlmfsp.trainer - INFO -   L_FK (bwd): 3.559720
2025-10-31 14:12:14,648 - nlmfsp.trainer - INFO -   L_Boundary (fwd): 0.842006
2025-10-31 14:12:14,648 - nlmfsp.trainer - INFO -   L_Boundary (bwd): 3.058285
2025-10-31 14:12:14,648 - nlmfsp.trainer - INFO -   Interaction learning: skipped
2025-10-31 14:12:14,648 - nlmfsp.trainer - INFO -   Time: 29.54s
2025-10-31 14:12:14,649 - nlmfsp.trainer - INFO - 
2025-10-31 14:12:14,746 - nlmfsp.trainer - INFO - Checkpoint saved: outputs/experiments/analytical_gmm_navigation/exp_20251031_135156_lry1e-03_lrz5e-04_n200_ipf1_td1_fk1_b1_ema0.990/checkpoints/checkpoint_0038.pt
2025-10-31 14:12:17,662 - nlmfsp.trainer - INFO - Iteration 39/40
2025-10-31 14:12:46,807 - nlmfsp.trainer - INFO -   L_IPF (fwd): 0.877562
2025-10-31 14:12:46,807 - nlmfsp.trainer - INFO -   L_IPF (bwd): 0.648271
2025-10-31 14:12:46,807 - nlmfsp.trainer - INFO -   L_TD  (bwd): 34.814301
2025-10-31 14:12:46,807 - nlmfsp.trainer - INFO -   L_TD  (fwd): 37.655609
2025-10-31 14:12:46,807 - nlmfsp.trainer - INFO -   L_FK (fwd): 3.622900
2025-10-31 14:12:46,807 - nlmfsp.trainer - INFO -   L_FK (bwd): 3.518932
2025-10-31 14:12:46,807 - nlmfsp.trainer - INFO -   L_Boundary (fwd): 0.847458
2025-10-31 14:12:46,807 - nlmfsp.trainer - INFO -   L_Boundary (bwd): 2.750393
2025-10-31 14:12:46,807 - nlmfsp.trainer - INFO -   Interaction learning: skipped
2025-10-31 14:12:46,807 - nlmfsp.trainer - INFO -   Time: 29.15s
2025-10-31 14:12:46,807 - nlmfsp.trainer - INFO - 
2025-10-31 14:12:46,908 - nlmfsp.trainer - INFO - Checkpoint saved: outputs/experiments/analytical_gmm_navigation/exp_20251031_135156_lry1e-03_lrz5e-04_n200_ipf1_td1_fk1_b1_ema0.990/checkpoints/checkpoint_0039.pt
2025-10-31 14:12:50,021 - nlmfsp.trainer - INFO - Iteration 40/40
2025-10-31 14:13:19,004 - nlmfsp.trainer - INFO -   L_IPF (fwd): 0.905996
2025-10-31 14:13:19,004 - nlmfsp.trainer - INFO -   L_IPF (bwd): 0.640676
2025-10-31 14:13:19,004 - nlmfsp.trainer - INFO -   L_TD  (bwd): 37.489414
2025-10-31 14:13:19,004 - nlmfsp.trainer - INFO -   L_TD  (fwd): 36.573566
2025-10-31 14:13:19,004 - nlmfsp.trainer - INFO -   L_FK (fwd): 3.541901
2025-10-31 14:13:19,004 - nlmfsp.trainer - INFO -   L_FK (bwd): 3.534308
2025-10-31 14:13:19,004 - nlmfsp.trainer - INFO -   L_Boundary (fwd): 0.823816
2025-10-31 14:13:19,004 - nlmfsp.trainer - INFO -   L_Boundary (bwd): 2.979722
2025-10-31 14:13:19,004 - nlmfsp.trainer - INFO -   Interaction learning: skipped
2025-10-31 14:13:19,004 - nlmfsp.trainer - INFO -   Time: 28.98s
2025-10-31 14:13:19,004 - nlmfsp.trainer - INFO - 
2025-10-31 14:13:19,106 - nlmfsp.trainer - INFO - Checkpoint saved: outputs/experiments/analytical_gmm_navigation/exp_20251031_135156_lry1e-03_lrz5e-04_n200_ipf1_td1_fk1_b1_ema0.990/checkpoints/checkpoint_0040.pt
2025-10-31 14:13:22,410 - nlmfsp.trainer - INFO - 
2025-10-31 14:13:22,410 - nlmfsp.trainer - INFO - ======================================================================
2025-10-31 14:13:22,410 - nlmfsp.trainer - INFO - Training Complete
2025-10-31 14:13:22,410 - nlmfsp.trainer - INFO - ======================================================================
2025-10-31 14:13:22,410 - nlmfsp.trainer - INFO - Total runtime: 1155.02s
2025-10-31 14:13:22,508 - nlmfsp.trainer - INFO - Checkpoint saved: outputs/experiments/analytical_gmm_navigation/exp_20251031_135156_lry1e-03_lrz5e-04_n200_ipf1_td1_fk1_b1_ema0.990/checkpoints/checkpoint_final.pt
2025-10-31 14:13:25,407 - nlmfsp.trainer - INFO - Checkpoint saved: outputs/experiments/analytical_gmm_navigation/exp_20251031_135156_lry1e-03_lrz5e-04_n200_ipf1_td1_fk1_b1_ema0.990/checkpoints/checkpoint_0040.pt
